<?xml version="1.0"?><coverage lines-covered="3647" lines-valid="4533" line-rate="0.8045444517979263" branches-covered="0" branches-valid="0" branch-rate="0" complexity="0" version="1.9" timestamp="1780928578"><sources><source>/home/user/Anti-Gravital</source></sources><packages><package name="crates/ag-storage/src" line-rate="0.8496042216358839" branch-rate="0" complexity="0"><classes><class name="config" filename="crates/ag-storage/src/config.rs" line-rate="0.9259259259259259" branch-rate="0" complexity="0"><methods/><lines><line number="51" hits="2"/><line number="54" hits="2"/><line number="57" hits="2"/><line number="60" hits="2"/><line number="64" hits="2"/><line number="65" hits="2"/><line number="73" hits="3"/><line number="74" hits="9"/><line number="75" hits="3"/><line number="76" hits="3"/><line number="77" hits="3"/><line number="79" hits="3"/><line number="86" hits="0"/><line number="92" hits="6"/><line number="99" hits="0"/><line number="110" hits="3"/><line number="113" hits="3"/><line number="116" hits="3"/><line number="120" hits="3"/><line number="121" hits="3"/><line number="125" hits="3"/><line number="129" hits="9"/><line number="130" hits="6"/><line number="131" hits="6"/><line number="132" hits="6"/><line number="133" hits="12"/><line number="134" hits="6"/></lines></class><class name="image" filename="crates/ag-storage/src/image.rs" line-rate="1" branch-rate="0" complexity="0"><methods/><lines><line number="36" hits="1"/><line number="42" hits="2"/><line number="43" hits="2"/><line number="44" hits="1"/><line number="45" hits="1"/><line number="51" hits="1"/><line number="57" hits="2"/><line number="58" hits="2"/><line number="59" hits="1"/><line number="60" hits="1"/><line number="73" hits="1"/><line number="74" hits="2"/><line number="75" hits="1"/><line number="79" hits="1"/><line number="80" hits="1"/><line number="83" hits="1"/><line number="84" hits="1"/><line number="87" hits="1"/><line number="88" hits="2"/><line number="89" hits="3"/><line number="90" hits="1"/><line number="91" hits="2"/></lines></class><class name="lib" filename="crates/ag-storage/src/lib.rs" line-rate="0.7222222222222222" branch-rate="0" complexity="0"><methods/><lines><line number="77" hits="8"/><line number="78" hits="4"/><line number="79" hits="3"/><line number="80" hits="2"/><line number="81" hits="1"/><line number="82" hits="1"/><line number="83" hits="0"/><line number="84" hits="0"/><line number="88" hits="2"/><line number="92" hits="8"/><line number="93" hits="8"/><line number="97" hits="12"/><line number="98" hits="8"/><line number="102" hits="8"/><line number="103" hits="5"/><line number="107" hits="8"/><line number="108" hits="6"/><line number="112" hits="4"/><line number="113" hits="3"/><line number="117" hits="4"/><line number="118" hits="3"/><line number="124" hits="1"/><line number="125" hits="2"/><line number="126" hits="1"/><line number="131" hits="1"/><line number="132" hits="2"/><line number="137" hits="1"/><line number="138" hits="1"/><line number="144" hits="0"/><line number="145" hits="0"/><line number="146" hits="0"/><line number="147" hits="0"/><line number="148" hits="0"/><line number="150" hits="0"/><line number="154" hits="0"/><line number="155" hits="0"/></lines></class><class name="signed" filename="crates/ag-storage/src/signed.rs" line-rate="0.7894736842105263" branch-rate="0" complexity="0"><methods/><lines><line number="30" hits="0"/><line number="31" hits="0"/><line number="32" hits="0"/><line number="33" hits="0"/><line number="34" hits="0"/><line number="35" hits="0"/><line number="45" hits="1"/><line number="46" hits="1"/><line number="47" hits="1"/><line number="49" hits="1"/><line number="50" hits="2"/><line number="51" hits="2"/><line number="57" hits="1"/><line number="58" hits="2"/><line number="59" hits="0"/><line number="62" hits="5"/><line number="64" hits="4"/><line number="66" hits="4"/><line number="68" hits="4"/><line number="70" hits="4"/><line number="71" hits="4"/><line number="74" hits="4"/><line number="75" hits="1"/><line number="78" hits="3"/><line number="79" hits="6"/><line number="82" hits="3"/><line number="83" hits="0"/><line number="85" hits="4"/><line number="87" hits="2"/><line number="88" hits="6"/><line number="89" hits="2"/><line number="90" hits="2"/><line number="93" hits="1"/><line number="96" hits="1"/><line number="97" hits="1"/><line number="99" hits="1"/><line number="100" hits="1"/><line number="101" hits="1"/></lines></class></classes></package><package name="crates/ag-domains/src/provider" line-rate="0.8617886178861789" branch-rate="0" complexity="0"><classes><class name="capabilities" filename="crates/ag-domains/src/provider/capabilities.rs" line-rate="1" branch-rate="0" complexity="0"><methods/><lines><line number="54" hits="1"/><line number="70" hits="1"/><line number="71" hits="2"/><line number="73" hits="1"/><line number="75" hits="1"/><line number="85" hits="1"/><line number="87" hits="1"/><line number="89" hits="1"/><line number="91" hits="1"/><line number="93" hits="2"/><line number="95" hits="1"/><line number="100" hits="1"/><line number="101" hits="2"/><line number="102" hits="2"/><line number="104" hits="5"/></lines></class><class name="cloudflare" filename="crates/ag-domains/src/provider/cloudflare.rs" line-rate="0.8425925925925926" branch-rate="0" complexity="0"><methods/><lines><line number="36" hits="0"/><line number="37" hits="0"/><line number="43" hits="1"/><line number="44" hits="5"/><line number="45" hits="2"/><line number="48" hits="2"/><line number="53" hits="1"/><line number="54" hits="2"/><line number="58" hits="1"/><line number="59" hits="2"/><line number="62" hits="2"/><line number="63" hits="1"/><line number="110" hits="2"/><line number="112" hits="1"/><line number="113" hits="2"/><line number="114" hits="1"/><line number="115" hits="2"/><line number="116" hits="1"/><line number="117" hits="2"/><line number="118" hits="1"/><line number="124" hits="1"/><line number="126" hits="2"/><line number="127" hits="1"/><line number="128" hits="2"/><line number="129" hits="1"/><line number="130" hits="2"/><line number="135" hits="7"/><line number="136" hits="7"/><line number="137" hits="2"/><line number="138" hits="0"/><line number="140" hits="3"/><line number="143" hits="1"/><line number="144" hits="0"/><line number="145" hits="1"/><line number="148" hits="7"/><line number="149" hits="0"/><line number="150" hits="0"/><line number="158" hits="0"/><line number="162" hits="7"/><line number="163" hits="2"/><line number="164" hits="28"/><line number="166" hits="6"/><line number="167" hits="6"/><line number="169" hits="12"/><line number="170" hits="3"/><line number="172" hits="0"/><line number="175" hits="9"/><line number="176" hits="3"/><line number="178" hits="0"/><line number="181" hits="6"/><line number="182" hits="2"/><line number="185" hits="4"/><line number="186" hits="3"/><line number="189" hits="8"/><line number="190" hits="2"/><line number="191" hits="12"/><line number="193" hits="2"/><line number="194" hits="2"/><line number="196" hits="4"/><line number="197" hits="1"/><line number="199" hits="0"/><line number="202" hits="3"/><line number="203" hits="1"/><line number="205" hits="0"/><line number="208" hits="6"/><line number="209" hits="2"/><line number="210" hits="2"/><line number="211" hits="2"/><line number="214" hits="7"/><line number="219" hits="3"/><line number="220" hits="2"/><line number="221" hits="11"/><line number="223" hits="3"/><line number="224" hits="4"/><line number="225" hits="1"/><line number="227" hits="6"/><line number="228" hits="1"/><line number="230" hits="0"/><line number="233" hits="4"/><line number="234" hits="1"/><line number="236" hits="0"/><line number="239" hits="2"/><line number="242" hits="5"/><line number="248" hits="2"/><line number="249" hits="1"/><line number="250" hits="10"/><line number="252" hits="2"/><line number="253" hits="2"/><line number="254" hits="1"/><line number="256" hits="5"/><line number="257" hits="1"/><line number="259" hits="0"/><line number="262" hits="3"/><line number="263" hits="1"/><line number="265" hits="0"/><line number="268" hits="2"/><line number="271" hits="6"/><line number="272" hits="2"/><line number="274" hits="10"/><line number="276" hits="2"/><line number="277" hits="2"/><line number="279" hits="4"/><line number="280" hits="1"/><line number="282" hits="0"/><line number="285" hits="3"/><line number="286" hits="1"/><line number="288" hits="0"/><line number="291" hits="4"/></lines></class></classes></package><package name="examples/ecommerce-api/generated/src" line-rate="0" branch-rate="0" complexity="0"><classes></classes></package><package name="examples/todo-api/src" line-rate="0" branch-rate="0" complexity="0"><classes></classes></package><package name="crates/ag-storage/src/store" line-rate="0.85546875" branch-rate="0" complexity="0"><classes><class name="auth" filename="crates/ag-storage/src/store/auth.rs" line-rate="1" branch-rate="0" complexity="0"><methods/><lines><line number="27" hits="1"/><line number="32" hits="3"/><line number="34" hits="3"/><line number="37" hits="4"/><line number="39" hits="1"/><line number="40" hits="3"/><line number="42" hits="1"/><line number="43" hits="2"/><line number="44" hits="2"/></lines></class><class name="mod" filename="crates/ag-storage/src/store/mod.rs" line-rate="0.9016393442622951" branch-rate="0" complexity="0"><methods/><lines><line number="30" hits="0"/><line number="31" hits="0"/><line number="37" hits="18"/><line number="38" hits="6"/><line number="39" hits="1"/><line number="40" hits="1"/><line number="41" hits="1"/><line number="44" hits="6"/><line number="45" hits="7"/><line number="46" hits="7"/><line number="49" hits="3"/><line number="50" hits="6"/><line number="51" hits="3"/><line number="52" hits="9"/><line number="53" hits="6"/><line number="54" hits="3"/><line number="58" hits="12"/><line number="59" hits="6"/><line number="60" hits="10"/><line number="61" hits="4"/><line number="62" hits="3"/><line number="63" hits="2"/><line number="65" hits="0"/><line number="70" hits="8"/><line number="71" hits="4"/><line number="72" hits="8"/><line number="73" hits="2"/><line number="74" hits="0"/><line number="75" hits="0"/><line number="77" hits="0"/><line number="82" hits="12"/><line number="83" hits="6"/><line number="84" hits="12"/><line number="88" hits="4"/><line number="89" hits="2"/><line number="90" hits="4"/><line number="92" hits="10"/><line number="93" hits="6"/><line number="94" hits="2"/><line number="96" hits="3"/><line number="97" hits="1"/><line number="98" hits="1"/><line number="99" hits="3"/><line number="100" hits="1"/><line number="101" hits="1"/><line number="106" hits="5"/><line number="107" hits="3"/><line number="108" hits="2"/><line number="127" hits="2"/><line number="128" hits="2"/><line number="130" hits="2"/><line number="131" hits="4"/><line number="132" hits="2"/><line number="133" hits="2"/><line number="134" hits="2"/><line number="143" hits="12"/><line number="145" hits="9"/><line number="152" hits="12"/><line number="154" hits="8"/><line number="161" hits="8"/><line number="163" hits="6"/><line number="170" hits="12"/><line number="172" hits="9"/><line number="179" hits="4"/><line number="181" hits="3"/><line number="188" hits="4"/><line number="190" hits="3"/><line number="197" hits="0"/><line number="199" hits="0"/><line number="218" hits="3"/><line number="219" hits="3"/><line number="220" hits="1"/><line number="222" hits="3"/><line number="223" hits="0"/><line number="225" hits="6"/><line number="226" hits="1"/><line number="227" hits="1"/><line number="230" hits="3"/><line number="231" hits="0"/><line number="233" hits="6"/><line number="234" hits="3"/><line number="235" hits="1"/><line number="237" hits="4"/><line number="238" hits="1"/><line number="239" hits="1"/><line number="243" hits="6"/><line number="244" hits="6"/><line number="245" hits="1"/><line number="250" hits="3"/><line number="254" hits="2"/><line number="255" hits="2"/><line number="256" hits="5"/><line number="257" hits="2"/><line number="259" hits="0"/><line number="262" hits="4"/><line number="265" hits="2"/><line number="270" hits="1"/><line number="274" hits="1"/><line number="275" hits="2"/><line number="276" hits="0"/><line number="278" hits="3"/><line number="279" hits="4"/><line number="280" hits="2"/><line number="281" hits="3"/><line number="282" hits="4"/><line number="283" hits="1"/><line number="284" hits="4"/><line number="285" hits="2"/><line number="286" hits="4"/><line number="289" hits="6"/><line number="290" hits="2"/><line number="294" hits="2"/><line number="301" hits="3"/><line number="302" hits="3"/><line number="303" hits="3"/><line number="304" hits="6"/><line number="305" hits="9"/><line number="306" hits="6"/><line number="310" hits="4"/><line number="312" hits="4"/><line number="313" hits="2"/><line number="315" hits="2"/></lines></class><class name="server" filename="crates/ag-storage/src/store/server.rs" line-rate="0.8" branch-rate="0" complexity="0"><methods/><lines><line number="40" hits="0"/><line number="41" hits="0"/><line number="42" hits="0"/><line number="43" hits="0"/><line number="44" hits="0"/><line number="45" hits="0"/><line number="46" hits="0"/><line number="47" hits="0"/><line number="48" hits="0"/><line number="49" hits="0"/><line number="59" hits="1"/><line number="60" hits="2"/><line number="61" hits="1"/><line number="63" hits="2"/><line number="64" hits="2"/><line number="66" hits="16"/><line number="67" hits="3"/><line number="68" hits="3"/><line number="69" hits="3"/><line number="70" hits="3"/><line number="71" hits="3"/><line number="72" hits="2"/><line number="73" hits="2"/><line number="75" hits="3"/><line number="76" hits="1"/><line number="77" hits="1"/><line number="80" hits="2"/><line number="81" hits="1"/><line number="86" hits="2"/><line number="88" hits="3"/><line number="89" hits="1"/><line number="90" hits="2"/><line number="91" hits="2"/><line number="98" hits="1"/><line number="103" hits="2"/><line number="104" hits="0"/><line number="106" hits="3"/><line number="117" hits="1"/><line number="118" hits="1"/><line number="120" hits="3"/><line number="123" hits="1"/><line number="124" hits="1"/><line number="125" hits="1"/><line number="126" hits="1"/><line number="132" hits="1"/><line number="133" hits="1"/><line number="134" hits="2"/><line number="135" hits="0"/><line number="136" hits="0"/><line number="137" hits="0"/><line number="138" hits="0"/><line number="139" hits="0"/><line number="140" hits="0"/><line number="144" hits="1"/><line number="151" hits="1"/><line number="152" hits="1"/><line number="164" hits="1"/><line number="165" hits="1"/><line number="170" hits="1"/><line number="171" hits="1"/><line number="172" hits="2"/><line number="175" hits="0"/><line number="178" hits="0"/><line number="180" hits="0"/><line number="189" hits="3"/><line number="193" hits="1"/><line number="198" hits="3"/><line number="199" hits="1"/><line number="202" hits="1"/><line number="206" hits="3"/><line number="207" hits="2"/><line number="208" hits="2"/><line number="209" hits="2"/><line number="214" hits="2"/><line number="215" hits="1"/><line number="216" hits="3"/><line number="217" hits="1"/><line number="219" hits="5"/><line number="220" hits="1"/><line number="221" hits="1"/><line number="222" hits="2"/><line number="223" hits="2"/><line number="224" hits="2"/><line number="225" hits="0"/><line number="230" hits="0"/><line number="234" hits="1"/><line number="235" hits="2"/><line number="236" hits="0"/><line number="237" hits="0"/><line number="238" hits="0"/><line number="243" hits="1"/><line number="247" hits="3"/><line number="248" hits="1"/><line number="251" hits="1"/><line number="255" hits="7"/><line number="256" hits="1"/><line number="258" hits="1"/><line number="274" hits="1"/><line number="278" hits="2"/><line number="279" hits="3"/><line number="280" hits="2"/><line number="281" hits="1"/><line number="282" hits="1"/><line number="283" hits="1"/><line number="294" hits="1"/><line number="298" hits="3"/><line number="299" hits="1"/><line number="309" hits="1"/><line number="314" hits="1"/><line number="315" hits="2"/><line number="316" hits="2"/><line number="317" hits="2"/><line number="319" hits="1"/><line number="320" hits="1"/><line number="321" hits="1"/><line number="324" hits="1"/><line number="330" hits="1"/><line number="331" hits="1"/><line number="332" hits="1"/><line number="333" hits="1"/><line number="334" hits="3"/><line number="335" hits="1"/><line number="336" hits="1"/><line number="338" hits="1"/><line number="340" hits="1"/></lines></class></classes></package><package name="crates/ag-mail/src/sender" line-rate="1" branch-rate="0" complexity="0"><classes><class name="mod" filename="crates/ag-mail/src/sender/mod.rs" line-rate="1" branch-rate="0" complexity="0"><methods/><lines><line number="61" hits="3"/><line number="65" hits="30"/><line number="66" hits="10"/><line number="67" hits="5"/><line number="68" hits="5"/><line number="76" hits="5"/><line number="77" hits="6"/><line number="81" hits="5"/><line number="82" hits="9"/><line number="86" hits="2"/><line number="87" hits="4"/></lines></class></classes></package><package name="crates/ag-core/benches" line-rate="0" branch-rate="0" complexity="0"><classes></classes></package><package name="crates/ag-core/src" line-rate="0.8925831202046036" branch-rate="0" complexity="0"><classes><class name="error" filename="crates/ag-core/src/error.rs" line-rate="0.9117647058823529" branch-rate="0" complexity="0"><methods/><lines><line number="76" hits="9"/><line number="77" hits="9"/><line number="78" hits="2"/><line number="79" hits="2"/><line number="80" hits="3"/><line number="81" hits="2"/><line number="82" hits="4"/><line number="83" hits="1"/><line number="84" hits="3"/><line number="85" hits="1"/><line number="86" hits="1"/><line number="87" hits="1"/><line number="88" hits="2"/><line number="89" hits="0"/><line number="90" hits="0"/><line number="96" hits="6"/><line number="97" hits="8"/><line number="98" hits="0"/><line number="99" hits="3"/><line number="100" hits="2"/><line number="101" hits="4"/><line number="102" hits="2"/><line number="103" hits="2"/><line number="104" hits="1"/><line number="105" hits="1"/><line number="106" hits="1"/><line number="118" hits="6"/><line number="119" hits="14"/><line number="125" hits="8"/><line number="126" hits="3"/><line number="127" hits="2"/><line number="129" hits="14"/><line number="132" hits="7"/><line number="135" hits="7"/></lines></class></classes></package><package name="benchmarks/neon-real/src" line-rate="0" branch-rate="0" complexity="0"><classes></classes></package><package name="crates/ag-core/src/shield" line-rate="0.8765822784810127" branch-rate="0" complexity="0"><classes><class name="auth" filename="crates/ag-core/src/shield/auth.rs" line-rate="0.8082191780821918" branch-rate="0" complexity="0"><methods/><lines><line number="44" hits="0"/><line number="45" hits="0"/><line number="46" hits="0"/><line number="58" hits="0"/><line number="59" hits="0"/><line number="63" hits="9"/><line number="64" hits="7"/><line number="65" hits="1"/><line number="66" hits="1"/><line number="68" hits="7"/><line number="69" hits="7"/><line number="70" hits="0"/><line number="71" hits="0"/><line number="72" hits="0"/><line number="73" hits="0"/><line number="74" hits="0"/><line number="77" hits="1"/><line number="78" hits="1"/><line number="83" hits="6"/><line number="84" hits="4"/><line number="89" hits="6"/><line number="90" hits="4"/><line number="91" hits="2"/><line number="93" hits="12"/><line number="94" hits="0"/><line number="98" hits="4"/><line number="100" hits="4"/><line number="110" hits="8"/><line number="111" hits="12"/><line number="112" hits="4"/><line number="113" hits="6"/><line number="114" hits="4"/><line number="115" hits="6"/><line number="125" hits="4"/><line number="128" hits="5"/><line number="141" hits="0"/><line number="142" hits="0"/><line number="146" hits="3"/><line number="147" hits="14"/><line number="149" hits="3"/><line number="150" hits="12"/><line number="152" hits="6"/><line number="155" hits="7"/><line number="156" hits="5"/><line number="157" hits="5"/><line number="160" hits="2"/><line number="161" hits="5"/><line number="162" hits="10"/><line number="163" hits="9"/><line number="164" hits="4"/><line number="165" hits="4"/><line number="178" hits="4"/><line number="179" hits="2"/><line number="182" hits="5"/><line number="183" hits="6"/><line number="184" hits="4"/><line number="185" hits="8"/><line number="187" hits="4"/><line number="193" hits="2"/><line number="225" hits="3"/><line number="226" hits="3"/><line number="227" hits="2"/><line number="228" hits="2"/><line number="229" hits="2"/><line number="230" hits="2"/><line number="231" hits="2"/><line number="254" hits="10"/><line number="255" hits="6"/><line number="256" hits="0"/><line number="258" hits="5"/><line number="259" hits="4"/><line number="260" hits="2"/><line number="261" hits="2"/></lines></class><class name="cors" filename="crates/ag-core/src/shield/cors.rs" line-rate="1" branch-rate="0" complexity="0"><methods/><lines><line number="22" hits="4"/><line number="23" hits="4"/><line number="25" hits="4"/><line number="26" hits="1"/><line number="29" hits="9"/><line number="32" hits="12"/><line number="34" hits="3"/><line number="36" hits="13"/><line number="39" hits="8"/><line number="40" hits="3"/><line number="41" hits="7"/><line number="44" hits="7"/><line number="46" hits="9"/><line number="49" hits="14"/><line number="51" hits="9"/><line number="53" hits="3"/><line number="55" hits="6"/></lines></class><class name="csrf" filename="crates/ag-core/src/shield/csrf.rs" line-rate="1" branch-rate="0" complexity="0"><methods/><lines><line number="39" hits="3"/><line number="47" hits="3"/><line number="50" hits="5"/><line number="62" hits="4"/><line number="63" hits="4"/><line number="64" hits="5"/><line number="69" hits="3"/><line number="70" hits="6"/><line number="71" hits="3"/><line number="72" hits="3"/><line number="73" hits="4"/><line number="74" hits="3"/><line number="76" hits="1"/><line number="81" hits="4"/><line number="82" hits="5"/><line number="83" hits="2"/><line number="86" hits="4"/><line number="87" hits="11"/><line number="88" hits="5"/><line number="89" hits="13"/><line number="91" hits="3"/><line number="93" hits="12"/><line number="94" hits="4"/><line number="95" hits="6"/><line number="97" hits="3"/><line number="99" hits="6"/><line number="100" hits="4"/><line number="102" hits="5"/><line number="103" hits="3"/><line number="105" hits="3"/><line number="118" hits="3"/><line number="119" hits="3"/><line number="122" hits="2"/><line number="123" hits="6"/><line number="125" hits="2"/><line number="130" hits="2"/><line number="162" hits="2"/><line number="163" hits="2"/><line number="164" hits="2"/><line number="165" hits="2"/><line number="166" hits="2"/><line number="167" hits="2"/><line number="168" hits="2"/></lines></class><class name="logging" filename="crates/ag-core/src/shield/logging.rs" line-rate="0.6" branch-rate="0" complexity="0"><methods/><lines><line number="25" hits="10"/><line number="45" hits="12"/><line number="46" hits="12"/><line number="49" hits="11"/><line number="50" hits="23"/><line number="51" hits="24"/><line number="52" hits="26"/><line number="54" hits="12"/><line number="80" hits="12"/><line number="81" hits="13"/><line number="82" hits="13"/><line number="83" hits="0"/><line number="84" hits="10"/><line number="85" hits="18"/><line number="86" hits="0"/><line number="87" hits="18"/><line number="88" hits="0"/><line number="89" hits="0"/><line number="90" hits="0"/><line number="91" hits="0"/><line number="94" hits="0"/><line number="95" hits="0"/><line number="96" hits="0"/><line number="97" hits="0"/><line number="101" hits="8"/></lines></class><class name="mod" filename="crates/ag-core/src/shield/mod.rs" line-rate="0.9014084507042254" branch-rate="0" complexity="0"><methods/><lines><line number="53" hits="0"/><line number="54" hits="0"/><line number="55" hits="0"/><line number="67" hits="21"/><line number="69" hits="43"/><line number="70" hits="9"/><line number="72" hits="17"/><line number="76" hits="35"/><line number="77" hits="10"/><line number="79" hits="14"/><line number="83" hits="34"/><line number="84" hits="8"/><line number="86" hits="13"/><line number="90" hits="29"/><line number="91" hits="6"/><line number="93" hits="11"/><line number="96" hits="15"/><line number="97" hits="12"/><line number="99" hits="14"/><line number="101" hits="12"/><line number="103" hits="14"/><line number="105" hits="12"/><line number="118" hits="14"/><line number="119" hits="10"/><line number="120" hits="17"/><line number="123" hits="1"/><line number="124" hits="1"/><line number="126" hits="4"/><line number="127" hits="0"/><line number="149" hits="1"/><line number="150" hits="2"/><line number="155" hits="1"/><line number="156" hits="1"/><line number="161" hits="2"/><line number="171" hits="12"/><line number="172" hits="11"/><line number="181" hits="14"/><line number="182" hits="3"/><line number="186" hits="24"/><line number="187" hits="6"/><line number="191" hits="23"/><line number="192" hits="7"/><line number="196" hits="25"/><line number="197" hits="6"/><line number="200" hits="23"/><line number="201" hits="11"/><line number="206" hits="5"/><line number="216" hits="10"/><line number="217" hits="5"/><line number="218" hits="25"/><line number="220" hits="27"/><line number="221" hits="5"/><line number="222" hits="10"/><line number="223" hits="10"/><line number="224" hits="20"/><line number="225" hits="15"/><line number="226" hits="5"/><line number="227" hits="0"/><line number="228" hits="0"/><line number="233" hits="10"/><line number="234" hits="5"/><line number="244" hits="5"/><line number="245" hits="7"/><line number="246" hits="5"/><line number="247" hits="4"/><line number="248" hits="8"/><line number="252" hits="5"/><line number="253" hits="15"/><line number="254" hits="5"/><line number="255" hits="16"/><line number="257" hits="0"/></lines></class><class name="rate_limit" filename="crates/ag-core/src/shield/rate_limit.rs" line-rate="0.7837837837837838" branch-rate="0" complexity="0"><methods/><lines><line number="47" hits="0"/><line number="48" hits="0"/><line number="58" hits="4"/><line number="59" hits="13"/><line number="60" hits="10"/><line number="61" hits="9"/><line number="62" hits="9"/><line number="64" hits="7"/><line number="65" hits="5"/><line number="66" hits="5"/><line number="67" hits="7"/><line number="73" hits="2"/><line number="74" hits="2"/><line number="81" hits="2"/><line number="84" hits="2"/><line number="97" hits="0"/><line number="98" hits="0"/><line number="102" hits="2"/><line number="103" hits="4"/><line number="105" hits="8"/><line number="117" hits="2"/><line number="118" hits="4"/><line number="121" hits="2"/><line number="122" hits="8"/><line number="127" hits="0"/><line number="128" hits="0"/><line number="129" hits="0"/><line number="134" hits="6"/><line number="136" hits="2"/><line number="141" hits="1"/><line number="173" hits="4"/><line number="174" hits="2"/><line number="175" hits="4"/><line number="176" hits="2"/><line number="177" hits="1"/><line number="178" hits="0"/><line number="181" hits="1"/></lines></class><class name="tls" filename="crates/ag-core/src/shield/tls.rs" line-rate="1" branch-rate="0" complexity="0"><methods/><lines><line number="35" hits="3"/><line number="36" hits="11"/><line number="39" hits="9"/><line number="40" hits="9"/><line number="43" hits="7"/><line number="45" hits="4"/><line number="46" hits="7"/><line number="48" hits="5"/><line number="49" hits="7"/><line number="51" hits="3"/><line number="53" hits="3"/><line number="54" hits="3"/><line number="56" hits="5"/><line number="59" hits="3"/><line number="60" hits="14"/><line number="61" hits="5"/><line number="62" hits="1"/><line number="64" hits="2"/><line number="68" hits="3"/><line number="69" hits="7"/><line number="70" hits="1"/><line number="72" hits="2"/><line number="75" hits="2"/><line number="78" hits="3"/><line number="79" hits="3"/><line number="80" hits="2"/></lines></class><class name="validation" filename="crates/ag-core/src/shield/validation.rs" line-rate="1" branch-rate="0" complexity="0"><methods/><lines><line number="40" hits="4"/><line number="41" hits="4"/><line number="45" hits="4"/><line number="46" hits="8"/><line number="47" hits="4"/><line number="48" hits="4"/><line number="54" hits="3"/><line number="55" hits="3"/><line number="63" hits="3"/><line number="64" hits="11"/><line number="65" hits="3"/><line number="67" hits="3"/><line number="68" hits="3"/><line number="69" hits="3"/><line number="101" hits="14"/><line number="102" hits="12"/><line number="103" hits="9"/><line number="104" hits="4"/><line number="105" hits="2"/><line number="106" hits="2"/><line number="107" hits="2"/><line number="108" hits="2"/><line number="112" hits="1"/><line number="113" hits="2"/></lines></class></classes></package><package name="crates/ag-core/src/config" line-rate="1" branch-rate="0" complexity="0"><classes><class name="mod" filename="crates/ag-core/src/config/mod.rs" line-rate="1" branch-rate="0" complexity="0"><methods/><lines><line number="53" hits="24"/><line number="55" hits="23"/><line number="56" hits="24"/><line number="57" hits="23"/><line number="58" hits="24"/><line number="59" hits="16"/><line number="60" hits="21"/><line number="61" hits="18"/><line number="143" hits="26"/><line number="146" hits="25"/><line number="147" hits="23"/><line number="152" hits="24"/><line number="153" hits="25"/><line number="156" hits="23"/><line number="157" hits="18"/><line number="182" hits="18"/><line number="185" hits="18"/><line number="186" hits="15"/><line number="243" hits="1"/><line number="244" hits="3"/><line number="253" hits="2"/><line number="254" hits="4"/><line number="255" hits="4"/><line number="256" hits="2"/><line number="258" hits="2"/><line number="267" hits="1"/><line number="268" hits="1"/><line number="286" hits="23"/><line number="289" hits="23"/><line number="294" hits="24"/><line number="295" hits="22"/></lines></class></classes></package><package name="crates/ag-cache/src" line-rate="0.6989247311827957" branch-rate="0" complexity="0"><classes><class name="config" filename="crates/ag-cache/src/config.rs" line-rate="1" branch-rate="0" complexity="0"><methods/><lines><line number="22" hits="2"/><line number="36" hits="1"/><line number="38" hits="1"/><line number="42" hits="1"/><line number="46" hits="1"/><line number="47" hits="1"/><line number="51" hits="1"/><line number="54" hits="1"/></lines></class><class name="l1" filename="crates/ag-cache/src/l1.rs" line-rate="1" branch-rate="0" complexity="0"><methods/><lines><line number="17" hits="2"/><line number="18" hits="2"/><line number="19" hits="3"/><line number="20" hits="4"/><line number="24" hits="8"/><line number="29" hits="8"/><line number="30" hits="4"/><line number="34" hits="4"/><line number="35" hits="2"/><line number="39" hits="8"/><line number="40" hits="4"/><line number="41" hits="3"/><line number="45" hits="4"/><line number="46" hits="2"/><line number="47" hits="1"/><line number="51" hits="8"/><line number="52" hits="4"/><line number="53" hits="8"/><line number="54" hits="9"/><line number="56" hits="2"/><line number="57" hits="4"/><line number="58" hits="5"/><line number="68" hits="4"/><line number="69" hits="1"/><line number="70" hits="1"/><line number="71" hits="1"/></lines></class><class name="lib" filename="crates/ag-cache/src/lib.rs" line-rate="0.8636363636363636" branch-rate="0" complexity="0"><methods/><lines><line number="65" hits="0"/><line number="67" hits="0"/><line number="92" hits="4"/><line number="93" hits="3"/><line number="94" hits="1"/><line number="96" hits="4"/><line number="97" hits="0"/><line number="110" hits="3"/><line number="114" hits="4"/><line number="115" hits="4"/><line number="116" hits="4"/><line number="117" hits="2"/><line number="119" hits="3"/><line number="121" hits="1"/><line number="125" hits="6"/><line number="126" hits="5"/><line number="127" hits="2"/><line number="129" hits="2"/><line number="134" hits="4"/><line number="135" hits="2"/><line number="139" hits="4"/><line number="140" hits="2"/></lines></class><class name="tags" filename="crates/ag-cache/src/tags.rs" line-rate="1" branch-rate="0" complexity="0"><methods/><lines><line number="13" hits="2"/><line number="14" hits="6"/><line number="16" hits="3"/><line number="18" hits="3"/><line number="23" hits="2"/><line number="24" hits="5"/><line number="25" hits="2"/><line number="30" hits="2"/><line number="32" hits="3"/><line number="33" hits="9"/><line number="38" hits="1"/><line number="39" hits="1"/></lines></class></classes></package><package name="crates/ag-mail/src/queue" line-rate="0.33783783783783783" branch-rate="0" complexity="0"><classes><class name="mod" filename="crates/ag-mail/src/queue/mod.rs" line-rate="0.625" branch-rate="0" complexity="0"><methods/><lines><line number="35" hits="3"/><line number="38" hits="3"/><line number="46" hits="1"/><line number="47" hits="1"/><line number="48" hits="1"/><line number="82" hits="4"/><line number="83" hits="8"/><line number="84" hits="8"/><line number="91" hits="20"/><line number="92" hits="12"/><line number="93" hits="4"/><line number="94" hits="12"/><line number="95" hits="4"/><line number="100" hits="4"/><line number="107" hits="7"/><line number="111" hits="21"/><line number="113" hits="3"/><line number="114" hits="9"/><line number="118" hits="6"/><line number="119" hits="3"/><line number="121" hits="15"/><line number="123" hits="6"/><line number="124" hits="6"/><line number="125" hits="3"/><line number="126" hits="3"/><line number="128" hits="0"/><line number="129" hits="0"/><line number="131" hits="0"/><line number="132" hits="0"/><line number="133" hits="0"/><line number="141" hits="0"/><line number="143" hits="0"/><line number="144" hits="0"/><line number="145" hits="0"/><line number="146" hits="0"/><line number="147" hits="0"/><line number="148" hits="0"/><line number="149" hits="0"/><line number="151" hits="0"/><line number="154" hits="0"/></lines></class><class name="store" filename="crates/ag-mail/src/queue/store.rs" line-rate="0" branch-rate="0" complexity="0"><methods/><lines><line number="68" hits="0"/><line number="69" hits="0"/><line number="70" hits="0"/><line number="71" hits="0"/><line number="104" hits="0"/><line number="105" hits="0"/><line number="107" hits="0"/><line number="128" hits="0"/><line number="129" hits="0"/><line number="130" hits="0"/><line number="132" hits="0"/><line number="133" hits="0"/><line number="136" hits="0"/><line number="141" hits="0"/><line number="142" hits="0"/><line number="143" hits="0"/><line number="144" hits="0"/><line number="145" hits="0"/><line number="147" hits="0"/><line number="148" hits="0"/><line number="149" hits="0"/><line number="150" hits="0"/><line number="152" hits="0"/><line number="158" hits="0"/><line number="159" hits="0"/><line number="160" hits="0"/><line number="161" hits="0"/><line number="162" hits="0"/><line number="163" hits="0"/><line number="164" hits="0"/><line number="165" hits="0"/><line number="166" hits="0"/><line number="167" hits="0"/><line number="171" hits="0"/></lines></class></classes></package><package name="crates/ag-cache/src/server" line-rate="0" branch-rate="0" complexity="0"><classes><class name="resp" filename="crates/ag-cache/src/server/resp.rs" line-rate="0" branch-rate="0" complexity="0"><methods/><lines><line number="37" hits="0"/><line number="38" hits="0"/><line number="39" hits="0"/><line number="42" hits="0"/><line number="44" hits="0"/><line number="46" hits="0"/><line number="47" hits="0"/><line number="52" hits="0"/><line number="53" hits="0"/><line number="55" hits="0"/><line number="56" hits="0"/><line number="57" hits="0"/><line number="58" hits="0"/><line number="59" hits="0"/><line number="60" hits="0"/><line number="64" hits="0"/><line number="65" hits="0"/><line number="67" hits="0"/><line number="69" hits="0"/><line number="72" hits="0"/><line number="75" hits="0"/><line number="76" hits="0"/><line number="79" hits="0"/><line number="80" hits="0"/><line number="81" hits="0"/></lines></class></classes></package><package name="crates/ag-data/src" line-rate="0.44" branch-rate="0" complexity="0"><classes><class name="lib" filename="crates/ag-data/src/lib.rs" line-rate="0.44" branch-rate="0" complexity="0"><methods/><lines><line number="66" hits="1"/><line number="67" hits="2"/><line number="98" hits="1"/><line number="100" hits="1"/><line number="101" hits="1"/><line number="102" hits="1"/><line number="117" hits="0"/><line number="118" hits="0"/><line number="120" hits="0"/><line number="121" hits="0"/><line number="122" hits="0"/><line number="123" hits="0"/><line number="124" hits="0"/><line number="126" hits="0"/><line number="130" hits="0"/><line number="142" hits="0"/><line number="146" hits="0"/><line number="147" hits="0"/><line number="148" hits="0"/><line number="149" hits="0"/><line number="153" hits="2"/><line number="155" hits="2"/><line number="156" hits="2"/><line number="157" hits="1"/><line number="160" hits="1"/></lines></class></classes></package><package name="crates/ag-core/src/runtime" line-rate="1" branch-rate="0" complexity="0"><classes><class name="mod" filename="crates/ag-core/src/runtime/mod.rs" line-rate="1" branch-rate="0" complexity="0"><methods/><lines><line number="16" hits="1"/><line number="17" hits="1"/><line number="18" hits="2"/><line number="19" hits="2"/><line number="20" hits="2"/><line number="22" hits="1"/><line number="25" hits="1"/></lines></class></classes></package><package name="crates/ag-domains/src/acme" line-rate="0.14193548387096774" branch-rate="0" complexity="0"><classes><class name="challenge" filename="crates/ag-domains/src/acme/challenge.rs" line-rate="0.16666666666666666" branch-rate="0" complexity="0"><methods/><lines><line number="16" hits="2"/><line number="18" hits="2"/><line number="19" hits="2"/><line number="32" hits="0"/><line number="36" hits="0"/><line number="42" hits="0"/><line number="43" hits="0"/><line number="44" hits="0"/><line number="45" hits="0"/><line number="46" hits="0"/><line number="47" hits="0"/><line number="49" hits="0"/><line number="60" hits="0"/><line number="61" hits="0"/><line number="62" hits="0"/><line number="63" hits="0"/><line number="64" hits="0"/><line number="66" hits="0"/></lines></class><class name="renewal" filename="crates/ag-domains/src/acme/renewal.rs" line-rate="0.1386861313868613" branch-rate="0" complexity="0"><methods/><lines><line number="63" hits="0"/><line number="64" hits="0"/><line number="67" hits="0"/><line number="68" hits="0"/><line number="69" hits="0"/><line number="70" hits="0"/><line number="72" hits="0"/><line number="73" hits="0"/><line number="75" hits="0"/><line number="76" hits="0"/><line number="78" hits="0"/><line number="79" hits="0"/><line number="88" hits="0"/><line number="89" hits="0"/><line number="90" hits="0"/><line number="92" hits="0"/><line number="115" hits="0"/><line number="116" hits="0"/><line number="120" hits="0"/><line number="121" hits="0"/><line number="123" hits="0"/><line number="125" hits="0"/><line number="126" hits="0"/><line number="127" hits="0"/><line number="130" hits="0"/><line number="131" hits="0"/><line number="132" hits="0"/><line number="133" hits="0"/><line number="135" hits="0"/><line number="138" hits="0"/><line number="140" hits="0"/><line number="141" hits="0"/><line number="143" hits="0"/><line number="144" hits="0"/><line number="145" hits="0"/><line number="146" hits="0"/><line number="147" hits="0"/><line number="148" hits="0"/><line number="149" hits="0"/><line number="150" hits="0"/><line number="151" hits="0"/><line number="152" hits="0"/><line number="155" hits="0"/><line number="156" hits="0"/><line number="157" hits="0"/><line number="159" hits="0"/><line number="161" hits="0"/><line number="163" hits="0"/><line number="164" hits="0"/><line number="165" hits="0"/><line number="175" hits="2"/><line number="176" hits="4"/><line number="177" hits="5"/><line number="178" hits="1"/><line number="180" hits="1"/><line number="181" hits="2"/><line number="182" hits="1"/><line number="183" hits="1"/><line number="191" hits="1"/><line number="196" hits="2"/><line number="197" hits="2"/><line number="198" hits="2"/><line number="199" hits="1"/><line number="201" hits="1"/><line number="202" hits="1"/><line number="210" hits="0"/><line number="211" hits="0"/><line number="212" hits="0"/><line number="213" hits="0"/><line number="215" hits="0"/><line number="216" hits="0"/><line number="219" hits="0"/><line number="221" hits="0"/><line number="222" hits="0"/><line number="224" hits="0"/><line number="228" hits="0"/><line number="230" hits="0"/><line number="231" hits="0"/><line number="232" hits="0"/><line number="235" hits="0"/><line number="236" hits="0"/><line number="238" hits="0"/><line number="239" hits="0"/><line number="241" hits="0"/><line number="242" hits="0"/><line number="244" hits="0"/><line number="246" hits="0"/><line number="250" hits="0"/><line number="251" hits="0"/><line number="252" hits="0"/><line number="253" hits="0"/><line number="254" hits="0"/><line number="258" hits="0"/><line number="261" hits="0"/><line number="262" hits="0"/><line number="263" hits="0"/><line number="270" hits="0"/><line number="272" hits="0"/><line number="275" hits="0"/><line number="276" hits="0"/><line number="277" hits="0"/><line number="278" hits="0"/><line number="279" hits="0"/><line number="280" hits="0"/><line number="281" hits="0"/><line number="283" hits="0"/><line number="284" hits="0"/><line number="285" hits="0"/><line number="286" hits="0"/><line number="290" hits="0"/><line number="291" hits="0"/><line number="292" hits="0"/><line number="293" hits="0"/><line number="295" hits="0"/><line number="296" hits="0"/><line number="300" hits="0"/><line number="301" hits="0"/><line number="302" hits="0"/><line number="306" hits="0"/><line number="307" hits="0"/><line number="308" hits="0"/><line number="310" hits="0"/><line number="311" hits="0"/><line number="312" hits="0"/><line number="314" hits="0"/><line number="315" hits="0"/><line number="317" hits="0"/><line number="318" hits="0"/><line number="320" hits="0"/><line number="321" hits="0"/><line number="325" hits="0"/><line number="330" hits="0"/><line number="335" hits="0"/><line number="340" hits="2"/><line number="341" hits="2"/><line number="342" hits="1"/><line number="344" hits="1"/></lines></class></classes></package><package name="examples/ai-backend/src" line-rate="0" branch-rate="0" complexity="0"><classes></classes></package><package name="crates/ag-dsl/src/codegen" line-rate="0.9496598639455782" branch-rate="0" complexity="0"><classes><class name="async_api_gen" filename="crates/ag-dsl/src/codegen/async_api_gen.rs" line-rate="1" branch-rate="0" complexity="0"><methods/><lines><line number="11" hits="1"/><line number="12" hits="1"/><line number="13" hits="1"/><line number="16" hits="1"/><line number="19" hits="1"/><line number="22" hits="1"/><line number="23" hits="1"/><line number="24" hits="2"/><line number="28" hits="1"/><line number="30" hits="1"/><line number="31" hits="2"/><line number="32" hits="2"/><line number="33" hits="1"/><line number="34" hits="1"/><line number="35" hits="2"/><line number="39" hits="1"/><line number="40" hits="3"/><line number="47" hits="1"/><line number="48" hits="1"/><line number="49" hits="2"/><line number="52" hits="1"/></lines></class><class name="mod" filename="crates/ag-dsl/src/codegen/mod.rs" line-rate="0.9473684210526315" branch-rate="0" complexity="0"><methods/><lines><line number="29" hits="1"/><line number="30" hits="2"/><line number="34" hits="1"/><line number="35" hits="1"/><line number="39" hits="0"/><line number="40" hits="0"/><line number="48" hits="1"/><line number="49" hits="1"/><line number="52" hits="1"/><line number="53" hits="1"/><line number="54" hits="1"/><line number="58" hits="1"/><line number="59" hits="1"/><line number="60" hits="1"/><line number="64" hits="1"/><line number="65" hits="6"/><line number="66" hits="6"/><line number="70" hits="4"/><line number="71" hits="4"/><line number="72" hits="3"/><line number="76" hits="2"/><line number="77" hits="3"/><line number="78" hits="3"/><line number="82" hits="2"/><line number="83" hits="2"/><line number="84" hits="1"/><line number="88" hits="2"/><line number="89" hits="3"/><line number="90" hits="3"/><line number="94" hits="2"/><line number="95" hits="1"/><line number="96" hits="2"/><line number="100" hits="3"/><line number="101" hits="1"/><line number="102" hits="2"/><line number="106" hits="3"/><line number="107" hits="2"/><line number="110" hits="2"/></lines></class><class name="openapi_gen" filename="crates/ag-dsl/src/codegen/openapi_gen.rs" line-rate="0.9314285714285714" branch-rate="0" complexity="0"><methods/><lines><line number="14" hits="3"/><line number="15" hits="3"/><line number="18" hits="5"/><line number="19" hits="1"/><line number="20" hits="3"/><line number="21" hits="3"/><line number="25" hits="3"/><line number="26" hits="2"/><line number="28" hits="3"/><line number="29" hits="2"/><line number="32" hits="5"/><line number="35" hits="5"/><line number="39" hits="5"/><line number="40" hits="6"/><line number="42" hits="2"/><line number="45" hits="6"/><line number="58" hits="6"/><line number="65" hits="1"/><line number="66" hits="5"/><line number="68" hits="1"/><line number="71" hits="4"/><line number="74" hits="1"/><line number="75" hits="2"/><line number="76" hits="3"/><line number="82" hits="1"/><line number="83" hits="2"/><line number="84" hits="1"/><line number="86" hits="3"/><line number="87" hits="3"/><line number="89" hits="2"/><line number="90" hits="3"/><line number="91" hits="1"/><line number="92" hits="2"/><line number="93" hits="3"/><line number="94" hits="1"/><line number="95" hits="1"/><line number="96" hits="2"/><line number="97" hits="1"/><line number="99" hits="3"/><line number="100" hits="2"/><line number="101" hits="1"/><line number="102" hits="1"/><line number="103" hits="0"/><line number="104" hits="2"/><line number="106" hits="2"/><line number="107" hits="2"/><line number="108" hits="4"/><line number="113" hits="2"/><line number="120" hits="2"/><line number="124" hits="1"/><line number="125" hits="1"/><line number="126" hits="1"/><line number="127" hits="1"/><line number="128" hits="1"/><line number="129" hits="1"/><line number="130" hits="3"/><line number="132" hits="3"/><line number="134" hits="3"/><line number="138" hits="1"/><line number="139" hits="1"/><line number="142" hits="2"/><line number="144" hits="3"/><line number="145" hits="2"/><line number="148" hits="3"/><line number="149" hits="2"/><line number="150" hits="5"/><line number="151" hits="2"/><line number="152" hits="1"/><line number="153" hits="1"/><line number="156" hits="1"/><line number="159" hits="2"/><line number="162" hits="1"/><line number="163" hits="1"/><line number="164" hits="3"/><line number="167" hits="2"/><line number="168" hits="3"/><line number="172" hits="2"/><line number="176" hits="2"/><line number="180" hits="2"/><line number="181" hits="1"/><line number="182" hits="1"/><line number="183" hits="0"/><line number="184" hits="2"/><line number="186" hits="1"/><line number="187" hits="2"/><line number="188" hits="4"/><line number="189" hits="4"/><line number="193" hits="4"/><line number="199" hits="2"/><line number="203" hits="2"/><line number="204" hits="4"/><line number="205" hits="1"/><line number="206" hits="1"/><line number="207" hits="1"/><line number="208" hits="2"/><line number="214" hits="1"/><line number="216" hits="1"/><line number="220" hits="1"/><line number="221" hits="1"/><line number="225" hits="2"/><line number="226" hits="1"/><line number="227" hits="2"/><line number="229" hits="4"/><line number="230" hits="1"/><line number="231" hits="3"/><line number="232" hits="2"/><line number="233" hits="1"/><line number="234" hits="0"/><line number="236" hits="3"/><line number="238" hits="3"/><line number="239" hits="2"/><line number="242" hits="2"/><line number="243" hits="1"/><line number="244" hits="1"/><line number="245" hits="3"/><line number="249" hits="2"/><line number="250" hits="2"/><line number="251" hits="2"/><line number="252" hits="2"/><line number="254" hits="3"/><line number="255" hits="1"/><line number="259" hits="1"/><line number="262" hits="2"/><line number="263" hits="1"/><line number="264" hits="1"/><line number="268" hits="2"/><line number="269" hits="2"/><line number="270" hits="1"/><line number="271" hits="1"/><line number="273" hits="1"/><line number="274" hits="1"/><line number="276" hits="0"/><line number="277" hits="0"/><line number="279" hits="0"/><line number="280" hits="0"/><line number="283" hits="1"/><line number="285" hits="0"/><line number="286" hits="0"/><line number="288" hits="0"/><line number="289" hits="0"/><line number="290" hits="0"/><line number="300" hits="2"/><line number="301" hits="3"/><line number="302" hits="3"/><line number="304" hits="5"/><line number="306" hits="5"/><line number="310" hits="3"/><line number="313" hits="3"/><line number="314" hits="1"/><line number="315" hits="1"/><line number="316" hits="2"/><line number="318" hits="1"/><line number="319" hits="3"/><line number="321" hits="2"/><line number="326" hits="2"/><line number="331" hits="5"/><line number="333" hits="2"/><line number="334" hits="3"/><line number="335" hits="1"/><line number="336" hits="2"/><line number="338" hits="2"/><line number="340" hits="1"/><line number="343" hits="1"/><line number="345" hits="1"/><line number="347" hits="5"/><line number="348" hits="2"/><line number="352" hits="2"/><line number="353" hits="2"/><line number="354" hits="3"/><line number="355" hits="6"/><line number="357" hits="6"/><line number="359" hits="3"/><line number="362" hits="3"/><line number="363" hits="3"/><line number="366" hits="9"/></lines></class><class name="rust_gen" filename="crates/ag-dsl/src/codegen/rust_gen.rs" line-rate="0.9469026548672567" branch-rate="0" complexity="0"><methods/><lines><line number="12" hits="2"/><line number="13" hits="2"/><line number="15" hits="2"/><line number="16" hits="2"/><line number="17" hits="2"/><line number="20" hits="6"/><line number="23" hits="10"/><line number="24" hits="6"/><line number="27" hits="10"/><line number="28" hits="3"/><line number="31" hits="5"/><line number="33" hits="1"/><line number="34" hits="1"/><line number="35" hits="1"/><line number="37" hits="1"/><line number="38" hits="0"/><line number="40" hits="1"/><line number="41" hits="0"/><line number="43" hits="2"/><line number="45" hits="1"/><line number="46" hits="4"/><line number="47" hits="1"/><line number="48" hits="2"/><line number="49" hits="1"/><line number="50" hits="1"/><line number="51" hits="1"/><line number="54" hits="2"/><line number="58" hits="1"/><line number="59" hits="2"/><line number="60" hits="1"/><line number="62" hits="2"/><line number="63" hits="1"/><line number="64" hits="2"/><line number="66" hits="1"/><line number="67" hits="2"/><line number="68" hits="1"/><line number="69" hits="1"/><line number="70" hits="2"/><line number="71" hits="2"/><line number="74" hits="2"/><line number="75" hits="5"/><line number="76" hits="2"/><line number="78" hits="1"/><line number="79" hits="3"/><line number="83" hits="1"/><line number="84" hits="1"/><line number="88" hits="1"/><line number="89" hits="2"/><line number="90" hits="2"/><line number="93" hits="5"/><line number="96" hits="2"/><line number="98" hits="2"/><line number="104" hits="2"/><line number="105" hits="1"/><line number="106" hits="1"/><line number="107" hits="2"/><line number="109" hits="2"/><line number="110" hits="2"/><line number="111" hits="1"/><line number="112" hits="3"/><line number="115" hits="1"/><line number="116" hits="2"/><line number="120" hits="2"/><line number="121" hits="1"/><line number="122" hits="3"/><line number="125" hits="4"/><line number="128" hits="2"/><line number="129" hits="2"/><line number="132" hits="2"/><line number="133" hits="1"/><line number="134" hits="1"/><line number="135" hits="2"/><line number="136" hits="1"/><line number="138" hits="3"/><line number="139" hits="2"/><line number="140" hits="1"/><line number="141" hits="3"/><line number="144" hits="1"/><line number="145" hits="2"/><line number="149" hits="1"/><line number="152" hits="1"/><line number="156" hits="1"/><line number="157" hits="2"/><line number="160" hits="4"/><line number="164" hits="1"/><line number="165" hits="2"/><line number="168" hits="3"/><line number="176" hits="1"/><line number="177" hits="3"/><line number="178" hits="1"/><line number="180" hits="1"/><line number="181" hits="2"/><line number="182" hits="1"/><line number="183" hits="2"/><line number="184" hits="1"/><line number="186" hits="6"/><line number="188" hits="1"/><line number="189" hits="5"/><line number="190" hits="4"/><line number="192" hits="2"/><line number="193" hits="7"/><line number="194" hits="1"/><line number="195" hits="1"/><line number="197" hits="2"/><line number="199" hits="1"/><line number="200" hits="2"/><line number="201" hits="1"/><line number="203" hits="1"/><line number="204" hits="4"/><line number="205" hits="3"/><line number="207" hits="3"/><line number="208" hits="3"/><line number="212" hits="2"/><line number="214" hits="2"/><line number="217" hits="2"/><line number="219" hits="2"/><line number="223" hits="3"/><line number="226" hits="1"/><line number="227" hits="1"/><line number="228" hits="1"/><line number="229" hits="2"/><line number="230" hits="1"/><line number="231" hits="1"/><line number="232" hits="1"/><line number="233" hits="1"/><line number="234" hits="1"/><line number="235" hits="2"/><line number="237" hits="1"/><line number="238" hits="1"/><line number="239" hits="1"/><line number="242" hits="2"/><line number="243" hits="1"/><line number="244" hits="2"/><line number="245" hits="4"/><line number="246" hits="3"/><line number="247" hits="3"/><line number="248" hits="3"/><line number="249" hits="3"/><line number="250" hits="3"/><line number="251" hits="6"/><line number="253" hits="3"/><line number="254" hits="3"/><line number="258" hits="3"/><line number="259" hits="3"/><line number="260" hits="1"/><line number="262" hits="3"/><line number="263" hits="3"/><line number="264" hits="3"/><line number="265" hits="3"/><line number="266" hits="3"/><line number="267" hits="3"/><line number="268" hits="4"/><line number="269" hits="1"/><line number="271" hits="1"/><line number="274" hits="3"/><line number="275" hits="3"/><line number="276" hits="6"/><line number="277" hits="3"/><line number="278" hits="3"/><line number="280" hits="3"/><line number="281" hits="4"/><line number="282" hits="2"/><line number="285" hits="1"/><line number="286" hits="2"/><line number="288" hits="2"/><line number="289" hits="2"/><line number="292" hits="3"/><line number="293" hits="2"/><line number="295" hits="2"/><line number="298" hits="1"/><line number="299" hits="5"/><line number="303" hits="3"/><line number="305" hits="2"/><line number="308" hits="2"/><line number="309" hits="3"/><line number="314" hits="1"/><line number="315" hits="1"/><line number="319" hits="2"/><line number="320" hits="1"/><line number="321" hits="1"/><line number="325" hits="1"/><line number="326" hits="2"/><line number="327" hits="1"/><line number="328" hits="1"/><line number="329" hits="2"/><line number="330" hits="1"/><line number="331" hits="1"/><line number="332" hits="2"/><line number="333" hits="1"/><line number="335" hits="2"/><line number="336" hits="2"/><line number="337" hits="3"/><line number="338" hits="1"/><line number="339" hits="2"/><line number="340" hits="1"/><line number="341" hits="0"/><line number="342" hits="0"/><line number="343" hits="0"/><line number="345" hits="5"/><line number="349" hits="1"/><line number="350" hits="2"/><line number="358" hits="1"/><line number="361" hits="1"/><line number="363" hits="2"/><line number="364" hits="1"/><line number="365" hits="2"/><line number="366" hits="1"/><line number="367" hits="1"/><line number="371" hits="1"/><line number="372" hits="1"/><line number="373" hits="0"/><line number="378" hits="0"/><line number="383" hits="0"/><line number="388" hits="0"/><line number="393" hits="2"/><line number="404" hits="0"/><line number="409" hits="0"/><line number="418" hits="1"/><line number="419" hits="0"/><line number="422" hits="1"/><line number="423" hits="3"/><line number="430" hits="2"/><line number="431" hits="2"/><line number="432" hits="1"/><line number="434" hits="1"/><line number="435" hits="1"/></lines></class><class name="sql_gen" filename="crates/ag-dsl/src/codegen/sql_gen.rs" line-rate="0.9262295081967213" branch-rate="0" complexity="0"><methods/><lines><line number="12" hits="1"/><line number="13" hits="1"/><line number="15" hits="1"/><line number="16" hits="1"/><line number="19" hits="2"/><line number="20" hits="2"/><line number="21" hits="1"/><line number="22" hits="3"/><line number="26" hits="1"/><line number="27" hits="1"/><line number="30" hits="3"/><line number="31" hits="2"/><line number="32" hits="1"/><line number="35" hits="1"/><line number="39" hits="1"/><line number="40" hits="1"/><line number="41" hits="1"/><line number="44" hits="4"/><line number="46" hits="1"/><line number="48" hits="3"/><line number="51" hits="2"/><line number="53" hits="1"/><line number="54" hits="1"/><line number="56" hits="2"/><line number="57" hits="1"/><line number="58" hits="1"/><line number="59" hits="1"/><line number="60" hits="2"/><line number="62" hits="2"/><line number="65" hits="1"/><line number="66" hits="2"/><line number="67" hits="1"/><line number="68" hits="2"/><line number="70" hits="2"/><line number="74" hits="1"/><line number="77" hits="1"/><line number="78" hits="3"/><line number="80" hits="1"/><line number="81" hits="3"/><line number="82" hits="3"/><line number="84" hits="1"/><line number="85" hits="3"/><line number="87" hits="1"/><line number="88" hits="2"/><line number="89" hits="3"/><line number="97" hits="1"/><line number="99" hits="1"/><line number="103" hits="1"/><line number="104" hits="1"/><line number="106" hits="2"/><line number="107" hits="1"/><line number="110" hits="1"/><line number="111" hits="1"/><line number="112" hits="1"/><line number="113" hits="1"/><line number="116" hits="1"/><line number="117" hits="2"/><line number="118" hits="2"/><line number="119" hits="2"/><line number="120" hits="3"/><line number="128" hits="1"/><line number="132" hits="1"/><line number="133" hits="1"/><line number="134" hits="3"/><line number="137" hits="3"/><line number="138" hits="3"/><line number="141" hits="3"/><line number="142" hits="3"/><line number="145" hits="3"/><line number="146" hits="1"/><line number="149" hits="1"/><line number="150" hits="1"/><line number="151" hits="2"/><line number="154" hits="2"/><line number="157" hits="2"/><line number="158" hits="1"/><line number="162" hits="2"/><line number="163" hits="2"/><line number="164" hits="2"/><line number="165" hits="0"/><line number="166" hits="1"/><line number="169" hits="0"/><line number="172" hits="2"/><line number="173" hits="1"/><line number="174" hits="0"/><line number="181" hits="1"/><line number="182" hits="1"/><line number="185" hits="1"/><line number="189" hits="1"/><line number="190" hits="1"/><line number="196" hits="1"/><line number="200" hits="1"/><line number="201" hits="1"/><line number="203" hits="2"/><line number="204" hits="1"/><line number="208" hits="2"/><line number="210" hits="1"/><line number="211" hits="1"/><line number="212" hits="2"/><line number="214" hits="2"/><line number="216" hits="0"/><line number="218" hits="1"/><line number="219" hits="2"/><line number="221" hits="2"/><line number="223" hits="0"/><line number="225" hits="2"/><line number="226" hits="0"/><line number="228" hits="0"/><line number="229" hits="0"/><line number="233" hits="2"/><line number="235" hits="1"/><line number="237" hits="2"/><line number="238" hits="2"/><line number="241" hits="1"/><line number="244" hits="1"/><line number="245" hits="1"/><line number="246" hits="1"/><line number="247" hits="1"/><line number="248" hits="1"/><line number="249" hits="0"/><line number="250" hits="1"/><line number="251" hits="1"/></lines></class><class name="ts_gen" filename="crates/ag-dsl/src/codegen/ts_gen.rs" line-rate="0.9869281045751634" branch-rate="0" complexity="0"><methods/><lines><line number="12" hits="2"/><line number="13" hits="1"/><line number="15" hits="2"/><line number="16" hits="1"/><line number="18" hits="2"/><line number="19" hits="2"/><line number="20" hits="2"/><line number="21" hits="2"/><line number="22" hits="1"/><line number="23" hits="1"/><line number="24" hits="1"/><line number="27" hits="1"/><line number="28" hits="2"/><line number="29" hits="1"/><line number="31" hits="2"/><line number="32" hits="3"/><line number="33" hits="1"/><line number="37" hits="2"/><line number="38" hits="1"/><line number="39" hits="1"/><line number="41" hits="3"/><line number="44" hits="1"/><line number="45" hits="2"/><line number="46" hits="1"/><line number="47" hits="1"/><line number="48" hits="0"/><line number="49" hits="1"/><line number="52" hits="1"/><line number="53" hits="1"/><line number="54" hits="1"/><line number="55" hits="2"/><line number="62" hits="2"/><line number="68" hits="2"/><line number="69" hits="2"/><line number="70" hits="1"/><line number="72" hits="2"/><line number="73" hits="2"/><line number="74" hits="2"/><line number="75" hits="2"/><line number="76" hits="2"/><line number="77" hits="4"/><line number="78" hits="1"/><line number="80" hits="2"/><line number="83" hits="2"/><line number="84" hits="2"/><line number="85" hits="3"/><line number="86" hits="2"/><line number="87" hits="1"/><line number="90" hits="5"/><line number="91" hits="2"/><line number="92" hits="2"/><line number="95" hits="3"/><line number="96" hits="4"/><line number="98" hits="2"/><line number="102" hits="3"/><line number="103" hits="3"/><line number="105" hits="2"/><line number="107" hits="2"/><line number="108" hits="2"/><line number="110" hits="1"/><line number="111" hits="1"/><line number="114" hits="3"/><line number="115" hits="1"/><line number="117" hits="2"/><line number="118" hits="3"/><line number="119" hits="3"/><line number="121" hits="1"/><line number="123" hits="2"/><line number="124" hits="1"/><line number="125" hits="2"/><line number="126" hits="1"/><line number="127" hits="1"/><line number="129" hits="1"/><line number="130" hits="3"/><line number="133" hits="2"/><line number="134" hits="2"/><line number="136" hits="1"/><line number="137" hits="1"/><line number="141" hits="1"/><line number="142" hits="2"/><line number="143" hits="3"/><line number="144" hits="1"/><line number="145" hits="2"/><line number="146" hits="1"/><line number="147" hits="1"/><line number="148" hits="2"/><line number="149" hits="3"/><line number="151" hits="1"/><line number="152" hits="2"/><line number="156" hits="2"/><line number="157" hits="2"/><line number="158" hits="2"/><line number="159" hits="0"/><line number="160" hits="1"/><line number="165" hits="3"/><line number="166" hits="3"/><line number="167" hits="3"/><line number="169" hits="3"/><line number="170" hits="3"/><line number="172" hits="1"/><line number="173" hits="3"/><line number="174" hits="1"/><line number="175" hits="1"/><line number="176" hits="2"/><line number="177" hits="2"/><line number="180" hits="2"/><line number="182" hits="3"/><line number="183" hits="1"/><line number="184" hits="4"/><line number="188" hits="1"/><line number="189" hits="2"/><line number="193" hits="2"/><line number="194" hits="2"/><line number="195" hits="4"/><line number="198" hits="6"/><line number="201" hits="4"/><line number="202" hits="2"/><line number="205" hits="3"/><line number="206" hits="2"/><line number="207" hits="3"/><line number="209" hits="3"/><line number="210" hits="2"/><line number="211" hits="1"/><line number="212" hits="2"/><line number="213" hits="3"/><line number="216" hits="1"/><line number="217" hits="2"/><line number="221" hits="1"/><line number="222" hits="1"/><line number="223" hits="2"/><line number="226" hits="7"/><line number="229" hits="2"/><line number="230" hits="2"/><line number="233" hits="1"/><line number="234" hits="2"/><line number="235" hits="1"/><line number="237" hits="3"/><line number="238" hits="3"/><line number="239" hits="2"/><line number="240" hits="1"/><line number="243" hits="2"/><line number="244" hits="1"/><line number="247" hits="2"/><line number="248" hits="1"/><line number="249" hits="1"/><line number="250" hits="1"/><line number="252" hits="2"/><line number="256" hits="1"/><line number="257" hits="2"/><line number="260" hits="5"/><line number="263" hits="2"/><line number="264" hits="1"/><line number="267" hits="4"/></lines></class></classes></package><package name="crates/ag-mail/src/template" line-rate="1" branch-rate="0" complexity="0"><classes><class name="mod" filename="crates/ag-mail/src/template/mod.rs" line-rate="1" branch-rate="0" complexity="0"><methods/><lines><line number="50" hits="1"/><line number="52" hits="1"/><line number="53" hits="2"/><line number="59" hits="2"/><line number="65" hits="2"/><line number="66" hits="4"/><line number="67" hits="4"/><line number="72" hits="1"/><line number="74" hits="1"/><line number="76" hits="2"/><line number="82" hits="2"/><line number="83" hits="2"/><line number="86" hits="2"/><line number="87" hits="2"/><line number="89" hits="6"/><line number="93" hits="2"/><line number="94" hits="2"/><line number="96" hits="6"/><line number="105" hits="2"/><line number="106" hits="2"/><line number="107" hits="2"/><line number="109" hits="4"/><line number="110" hits="6"/><line number="111" hits="1"/><line number="116" hits="2"/><line number="119" hits="2"/></lines></class><class name="validate" filename="crates/ag-mail/src/template/validate.rs" line-rate="1" branch-rate="0" complexity="0"><methods/><lines><line number="19" hits="2"/><line number="20" hits="2"/><line number="21" hits="2"/><line number="23" hits="6"/><line number="24" hits="4"/><line number="25" hits="2"/><line number="26" hits="2"/><line number="27" hits="4"/><line number="28" hits="4"/><line number="30" hits="4"/><line number="35" hits="2"/><line number="46" hits="1"/><line number="47" hits="1"/><line number="51" hits="4"/><line number="52" hits="4"/><line number="57" hits="3"/><line number="58" hits="3"/><line number="61" hits="3"/><line number="62" hits="1"/><line number="65" hits="1"/><line number="66" hits="2"/><line number="67" hits="1"/><line number="68" hits="2"/><line number="69" hits="1"/><line number="71" hits="2"/><line number="72" hits="1"/><line number="73" hits="2"/><line number="74" hits="1"/><line number="77" hits="2"/></lines></class></classes></package><package name="fuzz/fuzz_targets" line-rate="0" branch-rate="0" complexity="0"><classes></classes></package><package name="crates/ag-migrate/src" line-rate="0" branch-rate="0" complexity="0"><classes></classes></package><package name="crates/ag-ai/src" line-rate="0" branch-rate="0" complexity="0"><classes></classes></package><package name="crates/ag-edge/src" line-rate="0.8936170212765957" branch-rate="0" complexity="0"><classes><class name="challenge" filename="crates/ag-edge/src/challenge.rs" line-rate="0.95" branch-rate="0" complexity="0"><methods/><lines><line number="24" hits="1"/><line number="25" hits="1"/><line number="29" hits="1"/><line number="30" hits="3"/><line number="33" hits="2"/><line number="37" hits="1"/><line number="38" hits="2"/><line number="41" hits="1"/><line number="46" hits="1"/><line number="47" hits="2"/><line number="50" hits="0"/><line number="54" hits="1"/><line number="55" hits="2"/><line number="62" hits="1"/><line number="63" hits="1"/><line number="70" hits="1"/><line number="71" hits="2"/><line number="72" hits="1"/><line number="73" hits="1"/><line number="75" hits="1"/></lines></class><class name="redirect" filename="crates/ag-edge/src/redirect.rs" line-rate="0.85" branch-rate="0" complexity="0"><methods/><lines><line number="26" hits="0"/><line number="28" hits="0"/><line number="29" hits="0"/><line number="54" hits="1"/><line number="55" hits="1"/><line number="56" hits="3"/><line number="57" hits="1"/><line number="59" hits="3"/><line number="62" hits="4"/><line number="63" hits="1"/><line number="64" hits="1"/><line number="67" hits="2"/><line number="68" hits="3"/><line number="69" hits="1"/><line number="71" hits="1"/><line number="72" hits="1"/><line number="73" hits="1"/><line number="74" hits="1"/><line number="75" hits="1"/><line number="81" hits="1"/></lines></class><class name="router" filename="crates/ag-edge/src/router.rs" line-rate="0.8709677419354839" branch-rate="0" complexity="0"><methods/><lines><line number="58" hits="1"/><line number="59" hits="1"/><line number="64" hits="1"/><line number="65" hits="2"/><line number="66" hits="1"/><line number="67" hits="1"/><line number="69" hits="2"/><line number="74" hits="0"/><line number="75" hits="0"/><line number="79" hits="0"/><line number="80" hits="0"/><line number="83" hits="2"/><line number="84" hits="1"/><line number="87" hits="1"/><line number="88" hits="2"/><line number="89" hits="4"/><line number="91" hits="2"/><line number="92" hits="2"/><line number="93" hits="1"/><line number="97" hits="1"/><line number="109" hits="2"/><line number="114" hits="5"/><line number="115" hits="2"/><line number="116" hits="1"/><line number="119" hits="5"/><line number="120" hits="3"/><line number="122" hits="8"/><line number="123" hits="2"/><line number="125" hits="4"/><line number="126" hits="1"/><line number="128" hits="1"/></lines></class><class name="server" filename="crates/ag-edge/src/server.rs" line-rate="0" branch-rate="0" complexity="0"><methods/><lines><line number="58" hits="0"/><line number="59" hits="0"/></lines></class><class name="tls" filename="crates/ag-edge/src/tls.rs" line-rate="1" branch-rate="0" complexity="0"><methods/><lines><line number="30" hits="1"/><line number="31" hits="1"/><line number="35" hits="1"/><line number="36" hits="2"/><line number="37" hits="2"/><line number="39" hits="2"/><line number="45" hits="1"/><line number="46" hits="1"/><line number="47" hits="3"/><line number="48" hits="1"/><line number="50" hits="2"/><line number="51" hits="2"/><line number="52" hits="1"/><line number="53" hits="1"/><line number="54" hits="1"/><line number="58" hits="1"/><line number="67" hits="2"/><line number="68" hits="4"/><line number="69" hits="6"/><line number="70" hits="1"/><line number="72" hits="1"/></lines></class></classes></package><package name="crates/ag-mobile/src" line-rate="0" branch-rate="0" complexity="0"><classes></classes></package><package name="crates/ag-wasm-host/src" line-rate="0" branch-rate="0" complexity="0"><classes></classes></package><package name="examples/ai-backend/src/provider" line-rate="0" branch-rate="0" complexity="0"><classes></classes></package><package name="examples/auth-mail-demo/src" line-rate="0" branch-rate="0" complexity="0"><classes></classes></package><package name="crates/ag-domains/src" line-rate="0.6624857468643102" branch-rate="0" complexity="0"><classes><class name="api" filename="crates/ag-domains/src/api.rs" line-rate="0" branch-rate="0" complexity="0"><methods/><lines><line number="223" hits="0"/><line number="226" hits="0"/></lines></class><class name="attachment" filename="crates/ag-domains/src/attachment.rs" line-rate="0.96" branch-rate="0" complexity="0"><methods/><lines><line number="186" hits="2"/><line number="187" hits="3"/><line number="188" hits="2"/><line number="189" hits="1"/><line number="190" hits="1"/><line number="197" hits="2"/><line number="198" hits="2"/><line number="201" hits="2"/><line number="204" hits="1"/><line number="206" hits="3"/><line number="207" hits="2"/><line number="209" hits="4"/><line number="210" hits="2"/><line number="212" hits="2"/><line number="213" hits="2"/><line number="214" hits="1"/><line number="216" hits="2"/><line number="217" hits="1"/><line number="219" hits="1"/><line number="220" hits="1"/><line number="222" hits="1"/><line number="223" hits="1"/><line number="225" hits="2"/><line number="226" hits="1"/><line number="228" hits="0"/></lines></class><class name="caa" filename="crates/ag-domains/src/caa.rs" line-rate="0.42857142857142855" branch-rate="0" complexity="0"><methods/><lines><line number="36" hits="1"/><line number="37" hits="2"/><line number="38" hits="1"/><line number="40" hits="1"/><line number="41" hits="1"/><line number="45" hits="4"/><line number="47" hits="3"/><line number="48" hits="4"/><line number="50" hits="4"/><line number="52" hits="2"/><line number="53" hits="2"/><line number="54" hits="2"/><line number="55" hits="2"/><line number="57" hits="1"/><line number="59" hits="2"/><line number="89" hits="0"/><line number="94" hits="0"/><line number="95" hits="0"/><line number="96" hits="0"/><line number="97" hits="0"/><line number="98" hits="0"/><line number="99" hits="0"/><line number="101" hits="0"/><line number="103" hits="0"/><line number="104" hits="0"/><line number="106" hits="0"/><line number="109" hits="0"/><line number="110" hits="0"/><line number="113" hits="0"/><line number="114" hits="0"/><line number="116" hits="0"/><line number="117" hits="0"/><line number="120" hits="0"/><line number="124" hits="0"/><line number="127" hits="0"/></lines></class><class name="diagnostics" filename="crates/ag-domains/src/diagnostics.rs" line-rate="1" branch-rate="0" complexity="0"><methods/><lines><line number="51" hits="1"/><line number="52" hits="3"/><line number="61" hits="1"/><line number="62" hits="3"/><line number="64" hits="4"/><line number="67" hits="4"/><line number="68" hits="1"/><line number="72" hits="4"/><line number="73" hits="1"/><line number="75" hits="2"/><line number="79" hits="2"/><line number="84" hits="5"/><line number="86" hits="5"/><line number="88" hits="2"/><line number="90" hits="3"/><line number="94" hits="1"/><line number="97" hits="4"/><line number="99" hits="1"/><line number="101" hits="2"/><line number="105" hits="2"/><line number="107" hits="2"/><line number="113" hits="1"/><line number="114" hits="2"/><line number="115" hits="2"/><line number="116" hits="1"/><line number="117" hits="2"/><line number="119" hits="1"/><line number="120" hits="1"/><line number="122" hits="1"/><line number="123" hits="1"/><line number="133" hits="3"/><line number="134" hits="1"/><line number="135" hits="3"/><line number="138" hits="3"/><line number="139" hits="1"/><line number="140" hits="3"/></lines></class><class name="events" filename="crates/ag-domains/src/events.rs" line-rate="0.8181818181818182" branch-rate="0" complexity="0"><methods/><lines><line number="48" hits="1"/><line number="49" hits="1"/><line number="50" hits="1"/><line number="51" hits="0"/><line number="52" hits="1"/><line number="57" hits="1"/><line number="58" hits="2"/><line number="59" hits="0"/><line number="80" hits="3"/><line number="91" hits="1"/><line number="92" hits="1"/><line number="96" hits="1"/><line number="97" hits="1"/><line number="104" hits="1"/><line number="105" hits="2"/><line number="109" hits="1"/><line number="110" hits="1"/><line number="116" hits="4"/><line number="117" hits="1"/><line number="120" hits="1"/><line number="130" hits="0"/><line number="131" hits="0"/></lines></class><class name="hostname" filename="crates/ag-domains/src/hostname.rs" line-rate="0.803030303030303" branch-rate="0" complexity="0"><methods/><lines><line number="45" hits="0"/><line number="46" hits="0"/><line number="47" hits="0"/><line number="48" hits="0"/><line number="49" hits="0"/><line number="54" hits="0"/><line number="55" hits="0"/><line number="56" hits="0"/><line number="61" hits="0"/><line number="62" hits="0"/><line number="63" hits="0"/><line number="102" hits="2"/><line number="103" hits="3"/><line number="104" hits="3"/><line number="105" hits="1"/><line number="107" hits="3"/><line number="108" hits="1"/><line number="110" hits="4"/><line number="111" hits="4"/><line number="112" hits="5"/><line number="113" hits="4"/><line number="114" hits="5"/><line number="116" hits="2"/><line number="119" hits="16"/><line number="121" hits="1"/><line number="122" hits="1"/><line number="124" hits="1"/><line number="126" hits="5"/><line number="127" hits="1"/><line number="129" hits="5"/><line number="132" hits="5"/><line number="134" hits="5"/><line number="136" hits="12"/><line number="137" hits="4"/><line number="138" hits="2"/><line number="141" hits="8"/><line number="143" hits="8"/><line number="145" hits="2"/><line number="146" hits="2"/><line number="149" hits="9"/><line number="150" hits="4"/><line number="153" hits="4"/><line number="154" hits="2"/><line number="159" hits="4"/><line number="163" hits="5"/><line number="168" hits="4"/><line number="169" hits="2"/><line number="173" hits="1"/><line number="174" hits="1"/><line number="178" hits="2"/><line number="179" hits="2"/><line number="183" hits="3"/><line number="184" hits="1"/><line number="191" hits="1"/><line number="192" hits="2"/><line number="193" hits="1"/><line number="194" hits="1"/><line number="195" hits="1"/><line number="201" hits="0"/><line number="202" hits="0"/><line number="216" hits="4"/><line number="217" hits="12"/><line number="218" hits="8"/><line number="219" hits="4"/><line number="220" hits="4"/><line number="222" hits="5"/></lines></class><class name="instructions" filename="crates/ag-domains/src/instructions.rs" line-rate="0.9666666666666667" branch-rate="0" complexity="0"><methods/><lines><line number="33" hits="1"/><line number="35" hits="1"/><line number="36" hits="2"/><line number="37" hits="2"/><line number="43" hits="1"/><line number="44" hits="1"/><line number="45" hits="1"/><line number="49" hits="1"/><line number="50" hits="1"/><line number="51" hits="1"/><line number="83" hits="3"/><line number="84" hits="1"/><line number="90" hits="2"/><line number="95" hits="2"/><line number="96" hits="2"/><line number="97" hits="2"/><line number="99" hits="4"/><line number="101" hits="2"/><line number="102" hits="2"/><line number="104" hits="3"/><line number="105" hits="2"/><line number="110" hits="1"/><line number="111" hits="2"/><line number="113" hits="4"/><line number="114" hits="1"/><line number="120" hits="1"/><line number="122" hits="1"/><line number="123" hits="1"/><line number="127" hits="2"/><line number="128" hits="1"/><line number="131" hits="1"/><line number="136" hits="1"/><line number="138" hits="5"/><line number="139" hits="1"/><line number="143" hits="3"/><line number="144" hits="1"/><line number="147" hits="1"/><line number="155" hits="1"/><line number="156" hits="3"/><line number="172" hits="1"/><line number="173" hits="1"/><line number="174" hits="1"/><line number="175" hits="2"/><line number="176" hits="2"/><line number="177" hits="1"/><line number="178" hits="2"/><line number="179" hits="2"/><line number="180" hits="2"/><line number="182" hits="3"/><line number="187" hits="1"/><line number="190" hits="1"/><line number="191" hits="1"/><line number="192" hits="1"/><line number="193" hits="2"/><line number="194" hits="2"/><line number="196" hits="0"/><line number="200" hits="1"/><line number="201" hits="1"/><line number="202" hits="0"/><line number="204" hits="1"/></lines></class><class name="issuance" filename="crates/ag-domains/src/issuance.rs" line-rate="0.9298245614035088" branch-rate="0" complexity="0"><methods/><lines><line number="64" hits="1"/><line number="67" hits="3"/><line number="68" hits="3"/><line number="70" hits="2"/><line number="71" hits="1"/><line number="72" hits="1"/><line number="81" hits="1"/><line number="82" hits="1"/><line number="83" hits="2"/><lin
[...]
/><line number="431" hits="4"/><line number="434" hits="8"/><line number="435" hits="3"/><line number="436" hits="5"/><line number="440" hits="4"/><line number="441" hits="7"/><line number="442" hits="4"/><line number="443" hits="4"/><line number="444" hits="12"/><line number="445" hits="4"/><line number="446" hits="4"/><line number="447" hits="7"/><line number="448" hits="3"/><line number="450" hits="4"/><line number="451" hits="8"/><line number="452" hits="4"/><line number="453" hits="4"/><line number="454" hits="4"/><line number="455" hits="4"/><line number="456" hits="4"/><line number="457" hits="8"/><line number="458" hits="4"/><line number="459" hits="4"/><line number="460" hits="4"/><line number="461" hits="4"/><line number="462" hits="4"/><line number="465" hits="9"/><line number="467" hits="8"/><line number="468" hits="4"/><line number="469" hits="4"/><line number="470" hits="8"/><line number="472" hits="5"/><line number="473" hits="1"/><line number="474" hits="1"/><line number="475" hits="1"/><line number="476" hits="1"/><line number="477" hits="1"/><line number="478" hits="1"/><line number="479" hits="1"/><line number="480" hits="1"/><line number="481" hits="3"/><line number="482" hits="1"/><line number="483" hits="1"/><line number="484" hits="1"/><line number="485" hits="1"/><line number="486" hits="1"/><line number="487" hits="1"/><line number="488" hits="1"/><line number="489" hits="1"/><line number="490" hits="1"/><line number="493" hits="1"/><line number="494" hits="1"/><line number="495" hits="1"/><line number="496" hits="1"/><line number="497" hits="1"/><line number="498" hits="1"/><line number="499" hits="1"/><line number="500" hits="1"/><line number="501" hits="1"/><line number="502" hits="1"/><line number="526" hits="4"/><line number="529" hits="4"/><line number="533" hits="9"/><line number="534" hits="5"/><line number="535" hits="6"/><line number="536" hits="3"/><line number="540" hits="13"/><line number="541" hits="6"/><line number="542" hits="5"/><line number="543" hits="3"/><line number="547" hits="3"/><line number="548" hits="3"/><line number="549" hits="3"/><line number="552" hits="8"/><line number="554" hits="8"/><line number="555" hits="3"/><line number="556" hits="3"/><line number="557" hits="6"/><line number="559" hits="5"/><line number="560" hits="1"/><line number="561" hits="1"/><line number="562" hits="3"/><line number="563" hits="1"/><line number="564" hits="1"/><line number="565" hits="2"/><line number="568" hits="1"/><line number="569" hits="1"/><line number="570" hits="1"/><line number="572" hits="1"/><line number="590" hits="6"/><line number="591" hits="6"/><line number="592" hits="11"/><line number="593" hits="5"/><line number="596" hits="6"/><line number="597" hits="3"/><line number="598" hits="4"/><line number="599" hits="5"/><line number="601" hits="7"/><line number="604" hits="8"/><line number="605" hits="9"/><line number="606" hits="3"/><line number="607" hits="5"/><line number="608" hits="3"/><line number="609" hits="10"/><line number="617" hits="5"/><line number="618" hits="5"/><line number="619" hits="5"/><line number="622" hits="8"/><line number="624" hits="10"/><line number="625" hits="3"/><line number="626" hits="5"/><line number="627" hits="6"/><line number="629" hits="5"/><line number="630" hits="1"/><line number="631" hits="1"/><line number="632" hits="4"/><line number="633" hits="1"/><line number="634" hits="3"/><line number="636" hits="1"/><line number="639" hits="1"/><line number="640" hits="1"/><line number="641" hits="1"/><line number="642" hits="1"/><line number="650" hits="5"/><line number="651" hits="8"/><line number="652" hits="7"/><line number="653" hits="7"/><line number="655" hits="10"/><line number="656" hits="6"/><line number="657" hits="4"/><line number="665" hits="3"/><line number="666" hits="3"/><line number="667" hits="7"/><line number="670" hits="8"/><line number="672" hits="6"/><line number="673" hits="5"/><line number="674" hits="3"/><line number="675" hits="10"/><line number="677" hits="8"/><line number="678" hits="1"/><line number="679" hits="1"/><line number="680" hits="1"/><line number="681" hits="4"/><line number="682" hits="1"/><line number="683" hits="3"/><line number="684" hits="3"/><line number="686" hits="2"/><line number="689" hits="1"/><line number="690" hits="1"/><line number="691" hits="1"/><line number="692" hits="1"/><line number="693" hits="1"/><line number="701" hits="4"/><line number="702" hits="12"/><line number="703" hits="9"/><line number="704" hits="8"/><line number="706" hits="11"/><line number="707" hits="7"/><line number="708" hits="8"/><line number="711" hits="10"/><line number="713" hits="6"/><line number="714" hits="6"/><line number="715" hits="4"/><line number="716" hits="10"/><line number="718" hits="6"/><line number="719" hits="1"/><line number="720" hits="1"/><line number="721" hits="1"/><line number="722" hits="1"/><line number="723" hits="1"/><line number="724" hits="3"/><line number="725" hits="2"/><line number="726" hits="2"/><line number="727" hits="3"/><line number="728" hits="4"/><line number="729" hits="3"/><line number="730" hits="3"/><line number="734" hits="2"/><line number="735" hits="1"/><line number="736" hits="1"/><line number="737" hits="1"/><line number="738" hits="1"/><line number="739" hits="1"/><line number="740" hits="2"/><line number="749" hits="1"/><line number="750" hits="2"/><line number="752" hits="1"/><line number="754" hits="3"/><line number="755" hits="2"/><line number="757" hits="2"/><line number="760" hits="0"/><line number="761" hits="0"/><line number="763" hits="0"/><line number="768" hits="3"/><line number="769" hits="3"/><line number="772" hits="2"/><line number="773" hits="1"/><line number="775" hits="2"/><line number="778" hits="0"/><line number="781" hits="1"/><line number="782" hits="2"/><line number="783" hits="1"/></lines></class><class name="semantic" filename="crates/ag-dsl/src/semantic.rs" line-rate="0.8913043478260869" branch-rate="0" complexity="0"><methods/><lines><line number="17" hits="3"/><line number="18" hits="4"/><line number="21" hits="3"/><line number="22" hits="3"/><line number="23" hits="4"/><line number="24" hits="3"/><line number="25" hits="4"/><line number="26" hits="4"/><line number="27" hits="5"/><line number="31" hits="3"/><line number="32" hits="4"/><line number="33" hits="4"/><line number="34" hits="4"/><line number="35" hits="4"/><line number="36" hits="4"/><line number="39" hits="4"/><line number="40" hits="10"/><line number="42" hits="5"/><line number="43" hits="3"/><line number="45" hits="4"/><line number="50" hits="3"/><line number="51" hits="2"/><line number="53" hits="1"/><line number="54" hits="1"/><line number="56" hits="1"/><line number="61" hits="3"/><line number="62" hits="2"/><line number="64" hits="1"/><line number="65" hits="1"/><line number="67" hits="1"/><line number="74" hits="3"/><line number="75" hits="3"/><line number="76" hits="3"/><line number="77" hits="4"/><line number="78" hits="3"/><line number="81" hits="4"/><line number="82" hits="2"/><line number="83" hits="1"/><line number="84" hits="1"/><line number="85" hits="1"/><line number="86" hits="1"/><line number="97" hits="4"/><line number="100" hits="6"/><line number="103" hits="8"/><line number="104" hits="2"/><line number="105" hits="1"/><line number="106" hits="2"/><line number="107" hits="1"/><line number="108" hits="1"/><line number="112" hits="2"/><line number="119" hits="4"/><line number="120" hits="2"/><line number="121" hits="1"/><line number="122" hits="1"/><line number="123" hits="1"/><line number="132" hits="4"/><line number="133" hits="4"/><line number="135" hits="4"/><line number="139" hits="4"/><line number="145" hits="4"/><line number="146" hits="8"/><line number="147" hits="2"/><line number="148" hits="1"/><line number="149" hits="0"/><line number="150" hits="0"/><line number="151" hits="0"/><line number="152" hits="0"/><line number="155" hits="2"/><line number="158" hits="2"/><line number="159" hits="2"/><line number="160" hits="2"/><line number="161" hits="1"/><line number="162" hits="1"/><line number="163" hits="1"/><line number="165" hits="1"/><line number="170" hits="1"/><line number="171" hits="1"/><line number="172" hits="1"/><line number="177" hits="2"/><line number="178" hits="4"/><line number="179" hits="1"/><line number="180" hits="1"/><line number="181" hits="1"/><line number="187" hits="2"/><line number="189" hits="2"/><line number="190" hits="2"/><line number="193" hits="6"/><line number="195" hits="5"/><line number="196" hits="1"/><line number="197" hits="1"/><line number="198" hits="1"/><line number="207" hits="2"/><line number="208" hits="1"/><line number="209" hits="0"/><line number="210" hits="0"/><line number="211" hits="0"/><line number="222" hits="4"/><line number="226" hits="4"/><line number="227" hits="8"/><line number="228" hits="2"/><line number="229" hits="1"/><line number="230" hits="0"/><line number="231" hits="0"/><line number="232" hits="0"/><line number="233" hits="0"/><line number="236" hits="2"/><line number="239" hits="2"/><line number="240" hits="2"/><line number="241" hits="2"/><line number="242" hits="1"/><line number="243" hits="1"/><line number="244" hits="1"/><line number="246" hits="1"/><line number="252" hits="2"/><line number="253" hits="2"/><line number="254" hits="0"/><line number="255" hits="0"/><line number="256" hits="0"/><line number="264" hits="2"/><line number="265" hits="1"/><line number="266" hits="1"/><line number="267" hits="1"/><line number="268" hits="1"/><line number="276" hits="4"/><line number="277" hits="3"/><line number="278" hits="7"/><line number="279" hits="6"/><line number="280" hits="3"/><line number="281" hits="2"/><line number="282" hits="1"/><line number="283" hits="1"/><line number="284" hits="2"/><line number="287" hits="7"/><line number="292" hits="3"/><line number="293" hits="4"/><line number="294" hits="1"/><line number="295" hits="1"/><line number="296" hits="1"/><line number="302" hits="5"/><line number="303" hits="5"/><line number="304" hits="10"/><line number="305" hits="10"/><line number="306" hits="5"/><line number="307" hits="2"/><line number="308" hits="1"/><line number="309" hits="1"/><line number="313" hits="2"/><line number="316" hits="10"/><line number="321" hits="3"/><line number="322" hits="3"/><line number="325" hits="15"/><line number="328" hits="8"/><line number="329" hits="3"/><line number="330" hits="3"/><line number="331" hits="3"/><line number="333" hits="6"/><line number="334" hits="1"/><line number="335" hits="1"/><line number="336" hits="1"/><line number="337" hits="1"/><line number="344" hits="5"/><line number="345" hits="5"/><line number="346" hits="9"/><line number="347" hits="12"/><line number="350" hits="10"/><line number="351" hits="4"/><line number="352" hits="1"/><line number="353" hits="1"/><line number="354" hits="1"/><line number="365" hits="4"/><line number="366" hits="9"/><line number="367" hits="5"/><line number="370" hits="9"/><line number="371" hits="5"/><line number="372" hits="1"/><line number="373" hits="1"/><line number="374" hits="1"/><line number="386" hits="4"/><line number="387" hits="4"/><line number="388" hits="8"/><line number="389" hits="2"/><line number="390" hits="1"/><line number="391" hits="0"/><line number="392" hits="0"/><line number="393" hits="0"/><line number="394" hits="0"/><line number="397" hits="2"/><line number="402" hits="4"/><line number="403" hits="4"/><line number="404" hits="8"/><line number="405" hits="2"/><line number="406" hits="1"/><line number="407" hits="0"/><line number="408" hits="0"/><line number="409" hits="0"/><line number="410" hits="0"/><line number="413" hits="2"/><line number="418" hits="4"/><line number="419" hits="4"/><line number="420" hits="8"/><line number="421" hits="2"/><line number="422" hits="1"/><line number="423" hits="0"/><line number="424" hits="0"/><line number="425" hits="0"/><line number="426" hits="0"/><line number="429" hits="2"/><line number="434" hits="4"/><line number="435" hits="4"/><line number="436" hits="4"/><line number="437" hits="9"/><line number="438" hits="2"/><line number="439" hits="1"/><line number="440" hits="0"/><line number="441" hits="0"/><line number="442" hits="0"/><line number="443" hits="0"/><line number="446" hits="2"/><line number="448" hits="2"/><line number="449" hits="2"/><line number="450" hits="1"/><line number="451" hits="1"/><line number="452" hits="1"/><line number="456" hits="2"/><line number="461" hits="4"/><line number="462" hits="8"/><line number="463" hits="1"/><line number="464" hits="1"/><line number="465" hits="1"/><line number="466" hits="1"/><line number="467" hits="1"/><line number="477" hits="4"/><line number="478" hits="4"/><line number="481" hits="6"/><line number="483" hits="4"/><line number="486" hits="6"/><line number="488" hits="4"/><line number="491" hits="6"/><line number="494" hits="8"/><line number="495" hits="2"/><line number="496" hits="2"/><line number="497" hits="2"/><line number="498" hits="1"/><line number="499" hits="1"/><line number="503" hits="2"/><line number="507" hits="2"/><line number="508" hits="2"/><line number="509" hits="2"/><line number="510" hits="1"/><line number="511" hits="1"/><line number="515" hits="2"/><line number="519" hits="2"/><line number="520" hits="1"/><line number="521" hits="2"/><line number="522" hits="1"/><line number="523" hits="1"/><line number="527" hits="2"/><line number="537" hits="3"/><line number="546" hits="3"/><line number="547" hits="3"/><line number="549" hits="3"/><line number="550" hits="3"/><line number="552" hits="6"/><line number="553" hits="3"/><line number="555" hits="3"/><line number="556" hits="4"/><line number="557" hits="2"/><line number="558" hits="2"/><line number="560" hits="2"/><line number="564" hits="2"/><line number="567" hits="3"/><line number="568" hits="1"/><line number="569" hits="0"/><line number="570" hits="0"/><line number="571" hits="0"/><line number="580" hits="2"/><line number="581" hits="4"/><line number="582" hits="2"/><line number="583" hits="2"/><line number="584" hits="2"/><line number="591" hits="4"/><line number="593" hits="1"/><line number="594" hits="2"/><line number="595" hits="0"/><line number="596" hits="0"/><line number="597" hits="0"/><line number="604" hits="2"/><line number="611" hits="5"/><line number="612" hits="2"/><line number="613" hits="2"/><line number="615" hits="1"/><line number="619" hits="2"/><line number="625" hits="4"/><line number="630" hits="3"/><line number="631" hits="3"/><line number="634" hits="12"/><line number="637" hits="6"/><line number="638" hits="8"/><line number="639" hits="4"/><line number="640" hits="3"/><line number="641" hits="1"/><line number="644" hits="1"/><line number="645" hits="2"/><line number="646" hits="1"/><line number="647" hits="1"/><line number="651" hits="2"/><line number="660" hits="3"/><line number="661" hits="3"/><line number="664" hits="9"/><line number="665" hits="5"/><line number="667" hits="5"/><line number="668" hits="21"/><line number="669" hits="11"/><line number="670" hits="5"/><line number="671" hits="8"/><line number="675" hits="6"/><line number="676" hits="10"/><line number="677" hits="5"/><line number="678" hits="3"/><line number="679" hits="1"/><line number="680" hits="1"/><line number="683" hits="1"/><line number="684" hits="1"/><line number="685" hits="1"/><line number="686" hits="1"/><line number="687" hits="1"/><line number="700" hits="4"/><line number="701" hits="8"/><line number="702" hits="10"/><line number="703" hits="5"/><line number="704" hits="5"/><line number="707" hits="5"/><line number="708" hits="1"/><line number="711" hits="3"/><line number="712" hits="1"/><line number="713" hits="1"/><line number="714" hits="1"/><line number="715" hits="1"/><line number="727" hits="3"/><line number="728" hits="3"/><line number="731" hits="7"/><line number="732" hits="4"/><line number="734" hits="4"/><line number="735" hits="7"/><line number="736" hits="6"/><line number="737" hits="3"/><line number="738" hits="4"/><line number="739" hits="9"/><line number="741" hits="6"/><line number="742" hits="4"/><line number="743" hits="8"/><line number="747" hits="4"/><line number="750" hits="12"/><line number="753" hits="8"/><line number="754" hits="10"/><line number="755" hits="5"/><line number="756" hits="2"/><line number="757" hits="1"/><line number="759" hits="2"/><line number="762" hits="2"/><line number="763" hits="2"/><line number="764" hits="1"/><line number="765" hits="1"/><line number="769" hits="2"/><line number="776" hits="0"/><line number="777" hits="0"/><line number="778" hits="0"/><line number="779" hits="0"/><line number="780" hits="0"/><line number="781" hits="0"/><line number="791" hits="4"/><line number="792" hits="4"/><line number="794" hits="8"/><line number="795" hits="10"/><line number="796" hits="5"/><line number="797" hits="5"/><line number="800" hits="5"/><line number="801" hits="3"/><line number="802" hits="1"/><line number="805" hits="1"/><line number="811" hits="3"/><line number="814" hits="14"/><line number="817" hits="4"/><line number="819" hits="8"/><line number="820" hits="10"/><line number="821" hits="5"/><line number="824" hits="7"/><line number="825" hits="6"/><line number="827" hits="2"/><line number="828" hits="1"/><line number="830" hits="3"/><line number="833" hits="3"/><line number="834" hits="2"/><line number="835" hits="2"/><line number="836" hits="1"/><line number="837" hits="2"/><line number="838" hits="3"/><line number="839" hits="1"/><line number="843" hits="2"/><line number="844" hits="2"/><line number="845" hits="2"/><line number="846" hits="1"/><line number="849" hits="3"/><line number="850" hits="1"/><line number="852" hits="1"/><line number="854" hits="1"/><line number="865" hits="2"/><line number="866" hits="2"/><line number="867" hits="1"/><line number="868" hits="1"/><line number="869" hits="1"/><line number="870" hits="0"/><line number="871" hits="0"/><line number="872" hits="0"/></lines></class></classes></package><package name="crates/ag-observe/src" line-rate="0.9795918367346939" branch-rate="0" complexity="0"><classes><class name="config" filename="crates/ag-observe/src/config.rs" line-rate="0.9" branch-rate="0" complexity="0"><methods/><lines><line number="32" hits="3"/><line number="44" hits="1"/><line number="45" hits="1"/><line number="46" hits="2"/><line number="48" hits="1"/><line number="50" hits="2"/><line number="51" hits="1"/><line number="52" hits="0"/><line number="54" hits="2"/><line number="55" hits="1"/></lines></class><class name="layer" filename="crates/ag-observe/src/layer.rs" line-rate="1" branch-rate="0" complexity="0"><methods/><lines><line number="16" hits="1"/><line number="17" hits="1"/><line number="19" hits="1"/><line number="21" hits="1"/><line number="40" hits="2"/><line number="41" hits="10"/><line number="43" hits="8"/><line number="45" hits="4"/><line number="47" hits="5"/><line number="48" hits="2"/><line number="50" hits="4"/><line number="53" hits="12"/><line number="54" hits="6"/><line number="56" hits="9"/><line number="69" hits="4"/><line number="70" hits="1"/><line number="77" hits="2"/><line number="81" hits="2"/><line number="87" hits="2"/></lines></class><class name="metrics" filename="crates/ag-observe/src/metrics.rs" line-rate="1" branch-rate="0" complexity="0"><methods/><lines><line number="17" hits="1"/><line number="18" hits="1"/><line number="20" hits="1"/><line number="21" hits="1"/><line number="22" hits="1"/><line number="26" hits="1"/><line number="28" hits="1"/><line number="29" hits="1"/><line number="31" hits="1"/><line number="37" hits="1"/><line number="38" hits="1"/><line number="39" hits="1"/><line number="43" hits="1"/><line number="44" hits="1"/><line number="48" hits="1"/><line number="49" hits="1"/><line number="59" hits="3"/><line number="69" hits="1"/><line number="73" hits="1"/><line number="85" hits="1"/></lines></class></classes></package></packages></coverage>